<?xml version="1.0" encoding="UTF-8"?>
<!-- Generated by org.testng.reporters.JUnitXMLReporter -->
<testsuite hostname="DESKTOP-GP5JC0J" ignored="0" name="Test" tests="2" failures="1" timestamp="15 Jun 2018 14:19:50 GMT" time="170.248" errors="0">
  <testcase name="intestvalidlogin" time="20.012" classname="src.com.amazon.tests.InvalidLoginLogout">
    <failure type="java.lang.AssertionError" message="null">
      <![CDATA[java.lang.AssertionError: null
	at src.com.amazon.generic.BasePage.VerifyElement(BasePage.java:27)
	at src.com.amazon.pages.SignInPage.verifyTitle(SignInPage.java:38)
	at src.com.amazon.tests.InvalidLoginLogout.intestvalidlogin(InvalidLoginLogout.java:21)
... Removed 27 stack frames]]>
    </failure>
  </testcase> <!-- intestvalidlogin -->
  <testcase name="testvalidlogin" time="13.421" classname="src.com.amazon.tests.LoginTest"/>
</testsuite> <!-- Test -->
